{"numTotalTestSuites":2,"numPassedTestSuites":0,"numFailedTestSuites":2,"numPendingTestSuites":0,"numTotalTests":3,"numPassedTests":1,"numFailedTests":2,"numPendingTests":0,"numTodoTests":0,"snapshot":{"added":0,"failure":false,"filesAdded":0,"filesRemoved":0,"filesRemovedList":[],"filesUnmatched":0,"filesUpdated":0,"matched":0,"total":0,"unchecked":0,"uncheckedKeysByFile":[],"unmatched":0,"updated":0,"didUpdate":false},"startTime":1774470853890,"success":false,"testResults":[{"assertionResults":[{"ancestorTitles":["Credit Note Retry Limit Logic (CheckCreditNoteStatus)"],"fullName":"Credit Note Retry Limit Logic (CheckCreditNoteStatus) should increment retryCount and use SAME key on first failed attempt of the SAME day (Attempt 1 -> 2)","status":"failed","title":"should increment retryCount and use SAME key on first failed attempt of the SAME day (Attempt 1 -> 2)","duration":72.70100000000002,"failureMessages":["TypeError: Cannot read properties of undefined (reading 'length')\n    at CheckCreditNoteStatus.mapToBillingCreditNote (C:/Users/WILLY/Desktop/Projects/PM-project/restaurant-backend/src/application/use-cases/CheckCreditNoteStatus.ts:214:82)\n    at CheckCreditNoteStatus.execute (C:/Users/WILLY/Desktop/Projects/PM-project/restaurant-backend/src/application/use-cases/CheckCreditNoteStatus.ts:122:48)\n    at processTicksAndRejections (node:internal/process/task_queues:105:5)\n    at C:/Users/WILLY/Desktop/Projects/PM-project/restaurant-backend/test/unit/use-cases/CreditNoteRetryLimit.test.ts:97:9\n    at file:///C:/Users/WILLY/Desktop/Projects/PM-project/restaurant-backend/node_modules/@vitest/runner/dist/index.js:915:20"],"meta":{}},{"ancestorTitles":["Credit Note Retry Limit Logic (CheckCreditNoteStatus)"],"fullName":"Credit Note Retry Limit Logic (CheckCreditNoteStatus) should STOP and return error if daily limit (2) is reached on the SAME day","status":"passed","title":"should STOP and return error if daily limit (2) is reached on the SAME day","duration":5.466200000000072,"failureMessages":[],"meta":{}},{"ancestorTitles":["Credit Note Retry Limit Logic (CheckCreditNoteStatus)"],"fullName":"Credit Note Retry Limit Logic (CheckCreditNoteStatus) should RESET counter and generate NEW key if last retry was on a PREVIOUS day","status":"failed","title":"should RESET counter and generate NEW key if last retry was on a PREVIOUS day","duration":6.113299999999981,"failureMessages":["TypeError: Cannot read properties of undefined (reading 'length')\n    at CheckCreditNoteStatus.mapToBillingCreditNote (C:/Users/WILLY/Desktop/Projects/PM-project/restaurant-backend/src/application/use-cases/CheckCreditNoteStatus.ts:214:82)\n    at CheckCreditNoteStatus.execute (C:/Users/WILLY/Desktop/Projects/PM-project/restaurant-backend/src/application/use-cases/CheckCreditNoteStatus.ts:76:40)\n    at processTicksAndRejections (node:internal/process/task_queues:105:5)\n    at C:/Users/WILLY/Desktop/Projects/PM-project/restaurant-backend/test/unit/use-cases/CreditNoteRetryLimit.test.ts:152:9\n    at file:///C:/Users/WILLY/Desktop/Projects/PM-project/restaurant-backend/node_modules/@vitest/runner/dist/index.js:915:20"],"meta":{}}],"startTime":1774470855610,"endTime":1774470855695.1133,"status":"failed","message":"","name":"C:/Users/WILLY/Desktop/Projects/PM-project/restaurant-backend/test/unit/use-cases/CreditNoteRetryLimit.test.ts"}]}
